Unity Editor version:    2021.2.0b16 (edbc0738c91b)
Branch:                  2021.2/staging
Build type:              Release
Batch mode:              YES
macOS version:           Version 11.6 (Build 20G165)
Darwin version:          20.6.0
Architecture:            x86_64
Running under Rosetta:   NO
Available memory:        32768 MB
Using pre-set license
Pro License: NO

COMMAND LINE ARGUMENTS:
/Applications/Unity/Hub/Editor/2021.2.0b16/Unity.app/Contents/MacOS/Unity
-adb2
-batchMode
-noUpm
-name
AssetImportWorker0
-projectPath
/Users/jonasj/Desktop/GameJam_Bananas_2021-10
-logFile
Logs/AssetImportWorker0.log
-srvPort
60734
Successfully changed project path to: /Users/jonasj/Desktop/GameJam_Bananas_2021-10
/Users/jonasj/Desktop/GameJam_Bananas_2021-10
[UnityMemory] Configuration Parameters - Can be set up in boot.config
    "memorysetup-bucket-allocator-granularity=16"
    "memorysetup-bucket-allocator-bucket-count=8"
    "memorysetup-bucket-allocator-block-size=33554432"
    "memorysetup-bucket-allocator-block-count=8"
    "memorysetup-main-allocator-block-size=16777216"
    "memorysetup-thread-allocator-block-size=16777216"
    "memorysetup-gfx-main-allocator-block-size=16777216"
    "memorysetup-gfx-thread-allocator-block-size=16777216"
    "memorysetup-cache-allocator-block-size=4194304"
    "memorysetup-typetree-allocator-block-size=2097152"
    "memorysetup-profiler-bucket-allocator-granularity=16"
    "memorysetup-profiler-bucket-allocator-bucket-count=8"
    "memorysetup-profiler-bucket-allocator-block-size=33554432"
    "memorysetup-profiler-bucket-allocator-block-count=8"
    "memorysetup-profiler-allocator-block-size=16777216"
    "memorysetup-profiler-editor-allocator-block-size=1048576"
    "memorysetup-temp-allocator-size-main=16777216"
    "memorysetup-job-temp-allocator-block-size=2097152"
    "memorysetup-job-temp-allocator-block-size-background=1048576"
    "memorysetup-job-temp-allocator-reduction-small-platforms=262144"
    "memorysetup-temp-allocator-size-background-worker=32768"
    "memorysetup-temp-allocator-size-job-worker=262144"
    "memorysetup-temp-allocator-size-preload-manager=33554432"
    "memorysetup-temp-allocator-size-nav-mesh-worker=65536"
    "memorysetup-temp-allocator-size-audio-worker=65536"
    "memorysetup-temp-allocator-size-cloud-worker=32768"
    "memorysetup-temp-allocator-size-gi-baking-worker=262144"
    "memorysetup-temp-allocator-size-gfx=262144"
Refreshing native plugins compatible for Editor in 116.66 ms, found 2 plugins.
Preloading 0 native plugins for Editor in 0.00 ms.
Initialize engine version: 2021.2.0b16 (edbc0738c91b)
[Subsystems] Discovering subsystems at path /Applications/Unity/Hub/Editor/2021.2.0b16/Unity.app/Contents/Resources/UnitySubsystems
[Subsystems] Discovering subsystems at path /Users/jonasj/Desktop/GameJam_Bananas_2021-10/Assets
GfxDevice: creating device client; threaded=0; jobified=0
Color LCD preferred device: AMD Radeon Pro 5500M (high power)
Metal devices available: 2
0: AMD Radeon Pro 5500M (high power)
1: Intel(R) UHD Graphics 630 (low power)
Using device AMD Radeon Pro 5500M (high power)
Initializing Metal device caps: AMD Radeon Pro 5500M
Initialize mono
Mono path[0] = '/Applications/Unity/Hub/Editor/2021.2.0b16/Unity.app/Contents/Managed'
Mono path[1] = '/Applications/Unity/Hub/Editor/2021.2.0b16/Unity.app/Contents/MonoBleedingEdge/lib/mono/unityjit-macos'
Mono config path = '/Applications/Unity/Hub/Editor/2021.2.0b16/Unity.app/Contents/MonoBleedingEdge/etc'
Using monoOptions --debugger-agent=transport=dt_socket,embedding=1,server=y,suspend=n,address=127.0.0.1:56983
Begin MonoManager ReloadAssembly
Registering precompiled unity dll's ...
Register platform support module: /Applications/Unity/Hub/Editor/2021.2.0b16/Unity.app/Contents/PlaybackEngines/MacStandaloneSupport/UnityEditor.OSXStandalone.Extensions.dll
Registered in 0.001168 seconds.
Native extension for OSXStandalone target not found
Refreshing native plugins compatible for Editor in 104.02 ms, found 2 plugins.
Preloading 0 native plugins for Editor in 0.00 ms.
Mono: successfully reloaded assembly
- Completed reload, in  1.246 seconds
Domain Reload Profiling:
	ReloadAssembly (1247ms)
		BeginReloadAssembly (77ms)
			ExecutionOrderSort (0ms)
			DisableScriptedObjects (0ms)
			BackupInstance (0ms)
			ReleaseScriptingObjects (0ms)
			CreateAndSetChildDomain (1ms)
		EndReloadAssembly (569ms)
			LoadAssemblies (76ms)
			RebuildTransferFunctionScriptingTraits (0ms)
			SetupTypeCache (131ms)
			ReleaseScriptCaches (0ms)
			RebuildScriptCaches (32ms)
			SetupLoadedEditorAssemblies (351ms)
				LogAssemblyErrors (0ms)
				InitializePlatformSupportModulesInManaged (7ms)
				SetLoadedEditorAssemblies (0ms)
				RefreshPlugins (104ms)
				BeforeProcessingInitializeOnLoad (2ms)
				ProcessInitializeOnLoadAttributes (185ms)
				ProcessInitializeOnLoadMethodAttributes (53ms)
				AfterProcessingInitializeOnLoad (0ms)
				EditorAssembliesLoaded (0ms)
			ExecutionOrderSort2 (0ms)
			AwakeInstancesAfterBackupRestoration (0ms)
Platform modules already initialized, skipping
Registering precompiled user dll's ...
Registered in 0.004600 seconds.
Begin MonoManager ReloadAssembly
Symbol file LoadedFromMemory doesn't match image /Users/jonasj/Desktop/GameJam_Bananas_2021-10/Library/PackageCache/com.unity.visualscripting@1.7.2/Editor/VisualScripting.Core/Dependencies/YamlDotNet/Unity.VisualScripting.YamlDotNet.dll
Symbol file LoadedFromMemory doesn't match image /Users/jonasj/Desktop/GameJam_Bananas_2021-10/Library/PackageCache/com.unity.visualscripting@1.7.2/Editor/VisualScripting.Core/Dependencies/DotNetZip/Unity.VisualScripting.IonicZip.dll
Native extension for OSXStandalone target not found
Refreshing native plugins compatible for Editor in 120.68 ms, found 2 plugins.
Preloading 0 native plugins for Editor in 0.00 ms.
Mono: successfully reloaded assembly
- Completed reload, in  4.475 seconds
Domain Reload Profiling:
	ReloadAssembly (4476ms)
		BeginReloadAssembly (225ms)
			ExecutionOrderSort (0ms)
			DisableScriptedObjects (7ms)
			BackupInstance (0ms)
			ReleaseScriptingObjects (0ms)
			CreateAndSetChildDomain (35ms)
		EndReloadAssembly (4139ms)
			LoadAssemblies (78ms)
			RebuildTransferFunctionScriptingTraits (0ms)
			SetupTypeCache (369ms)
			ReleaseScriptCaches (1ms)
			RebuildScriptCaches (80ms)
			SetupLoadedEditorAssemblies (3467ms)
				LogAssemblyErrors (0ms)
				InitializePlatformSupportModulesInManaged (12ms)
				SetLoadedEditorAssemblies (0ms)
				RefreshPlugins (121ms)
				BeforeProcessingInitializeOnLoad (121ms)
				ProcessInitializeOnLoadAttributes (3123ms)
				ProcessInitializeOnLoadMethodAttributes (88ms)
				AfterProcessingInitializeOnLoad (2ms)
				EditorAssembliesLoaded (0ms)
			ExecutionOrderSort2 (0ms)
			AwakeInstancesAfterBackupRestoration (4ms)
Platform modules already initialized, skipping
========================================================================
Worker process is ready to serve import requests
Launching external process: /Applications/Unity/Hub/Editor/2021.2.0b16/Unity.app/Contents/Tools/UnityShaderCompiler
Launched and connected shader compiler UnityShaderCompiler after 0.01 seconds
Refreshing native plugins compatible for Editor in 0.94 ms, found 2 plugins.
Preloading 0 native plugins for Editor in 0.00 ms.
Unloading 5093 Unused Serialized files (Serialized files now loaded: 0)
Unloading 48 unused Assets / (0.8 MB). Loaded Objects now: 5542.
Memory consumption went from 340.0 MB to 339.2 MB.
Total: 4.892571 ms (FindLiveObjects: 0.387987 ms CreateObjectMapping: 0.614510 ms MarkObjects: 3.527384 ms  DeleteObjects: 0.361859 ms)

AssetImportParameters requested are different than current active one (requested -> active):
  custom:video-decoder-ogg-theora: a1e56fd34408186e4bbccfd4996cb3dc -> 
  custom:container-muxer-webm: aa71ff27fc2769a1b78a27578f13a17b -> 
  custom:container-demuxer-webm: 4f35f7cbe854078d1ac9338744f61a02 -> 
  custom:video-encoder-webm-vp8: eb34c28f22e8b96e1ab97ce403110664 -> 
  custom:framework-osx-AVFoundation: e770b220cccbd017edd2c1fefb359320 -> 
  custom:audio-encoder-webm-vorbis: bf7c407c2cedff20999df2af8eb42d56 -> 
  custom:container-demuxer-ogg: 62fdf1f143b41e24485cea50d1cbac27 -> 
  custom:video-decoder-webm-vp8: 9c59270c3fd7afecdb556c50c9e8de78 -> 
  custom:audio-decoder-ogg-vorbis: bf7c407c2cedff20999df2af8eb42d56 -> 
========================================================================
Received Import Request.
  Time since last request: 46263.633426 seconds.
  path: Assets/TrippyMaterial.mat
  artifactKey: Guid(c0e835b99bb504e7f985262a8a2f9b14) Importer(815301076,1909f56bfc062723c751e8b465ee728b)
Start importing Assets/TrippyMaterial.mat using Guid(c0e835b99bb504e7f985262a8a2f9b14) Importer(815301076,1909f56bfc062723c751e8b465ee728b)  -> (artifact id: 'b15ebf5b868f0b63e6585deb03ef3874') in 1.009922 seconds 
========================================================================
Received Import Request.
  Time since last request: 73.468988 seconds.
  path: Assets/Settings
  artifactKey: Guid(709f11a7f3c4041caa4ef136ea32d874) Importer(815301076,1909f56bfc062723c751e8b465ee728b)
Start importing Assets/Settings using Guid(709f11a7f3c4041caa4ef136ea32d874) Importer(815301076,1909f56bfc062723c751e8b465ee728b)  -> (artifact id: '3a6f5c921db0ab25fca09542c6602f76') in 0.000921 seconds 
========================================================================
Received Import Request.
  Time since last request: 2.465201 seconds.
  path: Assets
  artifactKey: Guid(00000000000000001000000000000000) Importer(815301076,1909f56bfc062723c751e8b465ee728b)
Start importing Assets using Guid(00000000000000001000000000000000) Importer(815301076,1909f56bfc062723c751e8b465ee728b)  -> (artifact id: '31858aa9811287a817ef9c584839beb1') in 0.000835 seconds 
========================================================================
Received Import Request.
  Time since last request: 9.446106 seconds.
  path: Assets/emojisky.com-4973008.png
  artifactKey: Guid(68fbcc7a5b79e479e876112fe4c9a891) Importer(815301076,1909f56bfc062723c751e8b465ee728b)
Start importing Assets/emojisky.com-4973008.png using Guid(68fbcc7a5b79e479e876112fe4c9a891) Importer(815301076,1909f56bfc062723c751e8b465ee728b)  -> (artifact id: 'cb819c7f27733346e43c72a518775de5') in 0.980826 seconds 
========================================================================
Received Import Request.
  Time since last request: 246.689655 seconds.
  path: Assets/TrippyMaterial.mat
  artifactKey: Guid(c0e835b99bb504e7f985262a8a2f9b14) Importer(815301076,1909f56bfc062723c751e8b465ee728b)
Start importing Assets/TrippyMaterial.mat using Guid(c0e835b99bb504e7f985262a8a2f9b14) Importer(815301076,1909f56bfc062723c751e8b465ee728b)  -> (artifact id: '979781b2596ecb8f17083642402989ab') in 0.012567 seconds 
========================================================================
Received Import Request.
  Time since last request: 101.961579 seconds.
  path: Assets/TrippyShader.shadergraph
  artifactKey: Guid(097b5ef2b4ad2462d959b797795b44d5) Importer(815301076,1909f56bfc062723c751e8b465ee728b)
Start importing Assets/TrippyShader.shadergraph using Guid(097b5ef2b4ad2462d959b797795b44d5) Importer(815301076,1909f56bfc062723c751e8b465ee728b)  -> (artifact id: '376f980ae24433faf02eefafe4df16a0') in 0.281308 seconds 
========================================================================
Received Import Request.
  Time since last request: 58.214596 seconds.
  path: Assets/TrippyMaterial.mat
  artifactKey: Guid(c0e835b99bb504e7f985262a8a2f9b14) Importer(815301076,1909f56bfc062723c751e8b465ee728b)
Start importing Assets/TrippyMaterial.mat using Guid(c0e835b99bb504e7f985262a8a2f9b14) Importer(815301076,1909f56bfc062723c751e8b465ee728b)  -> (artifact id: '9d58f1b053bc9b28954903c5c7242388') in 0.013466 seconds 
========================================================================
Received Import Request.
  Time since last request: 1.384858 seconds.
  path: Assets/TrippyShader.shadergraph
  artifactKey: Guid(097b5ef2b4ad2462d959b797795b44d5) Importer(815301076,1909f56bfc062723c751e8b465ee728b)
Start importing Assets/TrippyShader.shadergraph using Guid(097b5ef2b4ad2462d959b797795b44d5) Importer(815301076,1909f56bfc062723c751e8b465ee728b)  -> (artifact id: 'ef74fb326c2f19cbe9f45021943c21e0') in 0.002141 seconds 
========================================================================
Received Import Request.
  Time since last request: 0.477330 seconds.
  path: Assets/TrippyMaterial.mat
  artifactKey: Guid(c0e835b99bb504e7f985262a8a2f9b14) Importer(815301076,1909f56bfc062723c751e8b465ee728b)
Start importing Assets/TrippyMaterial.mat using Guid(c0e835b99bb504e7f985262a8a2f9b14) Importer(815301076,1909f56bfc062723c751e8b465ee728b)  -> (artifact id: '4f16683451f56833db4e8e050c8556c6') in 0.023467 seconds 
========================================================================
Received Import Request.
  Time since last request: 566.956823 seconds.
  path: Assets/TrippyShader.shadergraph
  artifactKey: Guid(097b5ef2b4ad2462d959b797795b44d5) Importer(815301076,1909f56bfc062723c751e8b465ee728b)
Start importing Assets/TrippyShader.shadergraph using Guid(097b5ef2b4ad2462d959b797795b44d5) Importer(815301076,1909f56bfc062723c751e8b465ee728b)  -> (artifact id: '79cdffde529cfd17890f6a938210dc3c') in 0.002409 seconds 
========================================================================
Received Import Request.
  Time since last request: 0.495892 seconds.
  path: Assets/TrippyMaterial.mat
  artifactKey: Guid(c0e835b99bb504e7f985262a8a2f9b14) Importer(815301076,1909f56bfc062723c751e8b465ee728b)
Start importing Assets/TrippyMaterial.mat using Guid(c0e835b99bb504e7f985262a8a2f9b14) Importer(815301076,1909f56bfc062723c751e8b465ee728b)  -> (artifact id: '1ee51584a8e5d79bf27ed00d487c6ea8') in 0.017805 seconds 
========================================================================
Received Import Request.
  Time since last request: 39.858063 seconds.
  path: Assets/TrippyShader.shadergraph
  artifactKey: Guid(097b5ef2b4ad2462d959b797795b44d5) Importer(815301076,1909f56bfc062723c751e8b465ee728b)
Start importing Assets/TrippyShader.shadergraph using Guid(097b5ef2b4ad2462d959b797795b44d5) Importer(815301076,1909f56bfc062723c751e8b465ee728b)  -> (artifact id: '3b14a2ce34bb2e560aeba65f2853696d') in 0.002239 seconds 
========================================================================
Received Import Request.
  Time since last request: 0.477293 seconds.
  path: Assets/TrippyMaterial.mat
  artifactKey: Guid(c0e835b99bb504e7f985262a8a2f9b14) Importer(815301076,1909f56bfc062723c751e8b465ee728b)
Start importing Assets/TrippyMaterial.mat using Guid(c0e835b99bb504e7f985262a8a2f9b14) Importer(815301076,1909f56bfc062723c751e8b465ee728b)  -> (artifact id: '1075c3c63ad42cd4dc341886ced9f5ea') in 0.017190 seconds 
========================================================================
Received Import Request.
  Time since last request: 30.809975 seconds.
  path: Assets/TrippyShader.shadergraph
  artifactKey: Guid(097b5ef2b4ad2462d959b797795b44d5) Importer(815301076,1909f56bfc062723c751e8b465ee728b)
Start importing Assets/TrippyShader.shadergraph using Guid(097b5ef2b4ad2462d959b797795b44d5) Importer(815301076,1909f56bfc062723c751e8b465ee728b)  -> (artifact id: '26dc774dd90b7528c141a2557f80a368') in 0.002406 seconds 
========================================================================
Received Import Request.
  Time since last request: 0.017562 seconds.
  path: Assets/TrippyMaterial.mat
  artifactKey: Guid(c0e835b99bb504e7f985262a8a2f9b14) Importer(815301076,1909f56bfc062723c751e8b465ee728b)
Start importing Assets/TrippyMaterial.mat using Guid(c0e835b99bb504e7f985262a8a2f9b14) Importer(815301076,1909f56bfc062723c751e8b465ee728b)  -> (artifact id: '19ed78289b09414b0acc95202c024b19') in 0.020747 seconds 
========================================================================
Received Import Request.
  Time since last request: 47.639833 seconds.
  path: Assets/TrippyShader.shadergraph
  artifactKey: Guid(097b5ef2b4ad2462d959b797795b44d5) Importer(815301076,1909f56bfc062723c751e8b465ee728b)
Start importing Assets/TrippyShader.shadergraph using Guid(097b5ef2b4ad2462d959b797795b44d5) Importer(815301076,1909f56bfc062723c751e8b465ee728b)  -> (artifact id: '97e5600c09f7208efa1d57243dc8876b') in 0.002110 seconds 
========================================================================
Received Import Request.
  Time since last request: 0.339835 seconds.
  path: Assets/TrippyMaterial.mat
  artifactKey: Guid(c0e835b99bb504e7f985262a8a2f9b14) Importer(815301076,1909f56bfc062723c751e8b465ee728b)
Start importing Assets/TrippyMaterial.mat using Guid(c0e835b99bb504e7f985262a8a2f9b14) Importer(815301076,1909f56bfc062723c751e8b465ee728b)  -> (artifact id: '31935847d257ff8602d571e527f8bfc3') in 0.018026 seconds 
========================================================================
Received Prepare
Registering precompiled user dll's ...
Registered in 0.004353 seconds.
Begin MonoManager ReloadAssembly
Symbol file LoadedFromMemory doesn't match image /Users/jonasj/Desktop/GameJam_Bananas_2021-10/Library/PackageCache/com.unity.visualscripting@1.7.2/Editor/VisualScripting.Core/Dependencies/YamlDotNet/Unity.VisualScripting.YamlDotNet.dll
Symbol file LoadedFromMemory doesn't match image /Users/jonasj/Desktop/GameJam_Bananas_2021-10/Library/PackageCache/com.unity.visualscripting@1.7.2/Editor/VisualScripting.Core/Dependencies/DotNetZip/Unity.VisualScripting.IonicZip.dll
Native extension for OSXStandalone target not found
Refreshing native plugins compatible for Editor in 0.82 ms, found 2 plugins.
Preloading 0 native plugins for Editor in 0.00 ms.
Mono: successfully reloaded assembly
- Completed reload, in  1.598 seconds
Domain Reload Profiling:
	ReloadAssembly (1599ms)
		BeginReloadAssembly (185ms)
			ExecutionOrderSort (0ms)
			DisableScriptedObjects (8ms)
			BackupInstance (0ms)
			ReleaseScriptingObjects (0ms)
			CreateAndSetChildDomain (84ms)
		EndReloadAssembly (1296ms)
			LoadAssemblies (77ms)
			RebuildTransferFunctionScriptingTraits (0ms)
			SetupTypeCache (329ms)
			ReleaseScriptCaches (1ms)
			RebuildScriptCaches (54ms)
			SetupLoadedEditorAssemblies (626ms)
				LogAssemblyErrors (0ms)
				InitializePlatformSupportModulesInManaged (11ms)
				SetLoadedEditorAssemblies (1ms)
				RefreshPlugins (1ms)
				BeforeProcessingInitializeOnLoad (78ms)
				ProcessInitializeOnLoadAttributes (454ms)
				ProcessInitializeOnLoadMethodAttributes (78ms)
				AfterProcessingInitializeOnLoad (3ms)
				EditorAssembliesLoaded (0ms)
			ExecutionOrderSort2 (0ms)
			AwakeInstancesAfterBackupRestoration (30ms)
Platform modules already initialized, skipping
Refreshing native plugins compatible for Editor in 0.94 ms, found 2 plugins.
Preloading 0 native plugins for Editor in 0.00 ms.
Unloading 4965 Unused Serialized files (Serialized files now loaded: 0)
Unloading 28 unused Assets / (403.4 KB). Loaded Objects now: 5673.
Memory consumption went from 354.4 MB to 354.0 MB.
Total: 4.281533 ms (FindLiveObjects: 0.408075 ms CreateObjectMapping: 0.394070 ms MarkObjects: 3.352165 ms  DeleteObjects: 0.126571 ms)

AssetImportParameters requested are different than current active one (requested -> active):
  custom:video-decoder-ogg-theora: a1e56fd34408186e4bbccfd4996cb3dc -> 
  custom:container-muxer-webm: aa71ff27fc2769a1b78a27578f13a17b -> 
  custom:container-demuxer-webm: 4f35f7cbe854078d1ac9338744f61a02 -> 
  custom:video-encoder-webm-vp8: eb34c28f22e8b96e1ab97ce403110664 -> 
  custom:framework-osx-AVFoundation: e770b220cccbd017edd2c1fefb359320 -> 
  custom:audio-encoder-webm-vorbis: bf7c407c2cedff20999df2af8eb42d56 -> 
  custom:container-demuxer-ogg: 62fdf1f143b41e24485cea50d1cbac27 -> 
  custom:video-decoder-webm-vp8: 9c59270c3fd7afecdb556c50c9e8de78 -> 
  custom:audio-decoder-ogg-vorbis: bf7c407c2cedff20999df2af8eb42d56 -> 
